<?xml version="1.0" encoding="UTF-8"?>
<!-- Generated by org.testng.reporters.JUnitXMLReporter -->
<testsuite ignored="0" hostname="DD-Kuties" failures="0" tests="3" name="Surefire test" time="0.064" errors="0" timestamp="2024-08-11T15:29:54 IST">
  <testcase classname="newwebdriver.TestNgValidation" name="logout" time="0.006"/>
  <testcase classname="newwebdriver.TestNgValidation" name="openapp" time="0.0"/>
  <testcase classname="newwebdriver.TestNgValidation" name="login" time="0.001"/>
</testsuite> <!-- Surefire test -->
