<?xml version="1.0" encoding="UTF-8"?>
<!-- Generated by org.testng.reporters.JUnitXMLReporter -->
<testsuite ignored="0" hostname="DD-Kuties" failures="0" tests="3" name="Default test" time="0.055" errors="0" timestamp="2024-08-10T13:57:12 IST">
  <testcase classname="newwebdriver.TestNgValidation" name="logout" time="0.012"/>
  <testcase classname="newwebdriver.TestNgValidation" name="openapp" time="0.002"/>
  <testcase classname="newwebdriver.TestNgValidation" name="login" time="0.001"/>
</testsuite> <!-- Default test -->
