<?xml version="1.0" encoding="UTF-8"?>
<!-- Generated by org.testng.reporters.JUnitXMLReporter -->
<testsuite ignored="0" hostname="DD-Kuties" failures="0" tests="4" name="Test" time="0.096" errors="0" timestamp="2024-08-10T15:22:30 IST">
  <testcase classname="newwebdriver.TestNgValidation" name="logout" time="0.018"/>
  <testcase classname="newwebdriver.TestNgValidation" name="openapp" time="0.003"/>
  <testcase classname="newwebdriver.TestNgValidation" name="login" time="0.002"/>
  <testcase classname="newwebdriver.NewTestng" name="f" time="0.002"/>
</testsuite> <!-- Test -->
