<?xml version="1.0" encoding="UTF-8"?>
<testng-results ignored="0" total="3" passed="3" failed="0" skipped="0">
  <reporter-output>
  </reporter-output>
  <suite started-at="2024-08-11T15:29:54 IST" name="Surefire suite" finished-at="2024-08-11T15:29:54 IST" duration-ms="64">
    <groups>
    </groups>
    <test started-at="2024-08-11T15:29:54 IST" name="Surefire test" finished-at="2024-08-11T15:29:54 IST" duration-ms="64">
      <class name="newwebdriver.TestNgValidation">
        <test-method signature="logout()[pri:-3, instance:newwebdriver.TestNgValidation@71b1176b]" started-at="2024-08-11T15:29:54 IST" name="logout" finished-at="2024-08-11T15:29:54 IST" duration-ms="6" status="PASS">
          <reporter-output>
          </reporter-output>
        </test-method> <!-- logout -->
        <test-method signature="openapp()[pri:1, instance:newwebdriver.TestNgValidation@71b1176b]" started-at="2024-08-11T15:29:54 IST" name="openapp" finished-at="2024-08-11T15:29:54 IST" duration-ms="0" status="PASS">
          <reporter-output>
          </reporter-output>
        </test-method> <!-- openapp -->
        <test-method signature="login()[pri:2, instance:newwebdriver.TestNgValidation@71b1176b]" started-at="2024-08-11T15:29:54 IST" name="login" finished-at="2024-08-11T15:29:54 IST" duration-ms="1" status="PASS">
          <reporter-output>
          </reporter-output>
        </test-method> <!-- login -->
      </class> <!-- newwebdriver.TestNgValidation -->
    </test> <!-- Surefire test -->
  </suite> <!-- Surefire suite -->
</testng-results>
