<?xml version="1.0" encoding="UTF-8"?>
<testng-results ignored="0" total="4" passed="4" failed="0" skipped="0">
  <reporter-output>
  </reporter-output>
  <suite started-at="2024-08-10T15:22:30 IST" name="Suite" finished-at="2024-08-10T15:22:30 IST" duration-ms="96">
    <groups>
    </groups>
    <test started-at="2024-08-10T15:22:30 IST" name="Test" finished-at="2024-08-10T15:22:30 IST" duration-ms="96">
      <class name="newwebdriver.NewTestng">
        <test-method signature="f()[pri:0, instance:newwebdriver.NewTestng@7334aada]" started-at="2024-08-10T15:22:30 IST" name="f" finished-at="2024-08-10T15:22:30 IST" duration-ms="2" status="PASS">
          <reporter-output>
          </reporter-output>
        </test-method> <!-- f -->
      </class> <!-- newwebdriver.NewTestng -->
      <class name="newwebdriver.TestNgValidation">
        <test-method signature="logout()[pri:-3, instance:newwebdriver.TestNgValidation@498d318c]" started-at="2024-08-10T15:22:30 IST" name="logout" finished-at="2024-08-10T15:22:30 IST" duration-ms="18" status="PASS">
          <reporter-output>
          </reporter-output>
        </test-method> <!-- logout -->
        <test-method signature="openapp()[pri:1, instance:newwebdriver.TestNgValidation@498d318c]" started-at="2024-08-10T15:22:30 IST" name="openapp" finished-at="2024-08-10T15:22:30 IST" duration-ms="3" status="PASS">
          <reporter-output>
          </reporter-output>
        </test-method> <!-- openapp -->
        <test-method signature="login()[pri:2, instance:newwebdriver.TestNgValidation@498d318c]" started-at="2024-08-10T15:22:30 IST" name="login" finished-at="2024-08-10T15:22:30 IST" duration-ms="2" status="PASS">
          <reporter-output>
          </reporter-output>
        </test-method> <!-- login -->
      </class> <!-- newwebdriver.TestNgValidation -->
    </test> <!-- Test -->
  </suite> <!-- Suite -->
</testng-results>
